2026-07-15 16:07:46,235 [INFO] Initializing Ticket API application...
2026-07-15 16:07:48,484 [INFO] Initializing Ticket API application...
2026-07-15 16:14:38,226 [INFO] Incoming ticket request received for customer: 'John' (doxaberlin@gmail.com)
2026-07-15 16:14:38,226 [INFO] Successfully generated unique Ticket ID: 0c4d8cf7-b26e-4e28-a7a3-c4407cd8e9da
2026-07-15 16:14:38,227 [INFO] Ticket 0c4d8cf7-b26e-4e28-a7a3-c4407cd8e9da successfully saved to memory database.
2026-07-15 16:14:40,085 [INFO] Incoming ticket request received for customer: 'John' (doxaberlin@gmail.com)
2026-07-15 16:14:40,086 [INFO] Successfully generated unique Ticket ID: 61eb582a-4747-444d-b5d4-e99bc5384b96
2026-07-15 16:14:40,087 [INFO] Ticket 61eb582a-4747-444d-b5d4-e99bc5384b96 successfully saved to memory database.
2026-07-15 17:06:22,656 [INFO] Initializing Ticket API application...
2026-07-15 17:08:22,360 [INFO] Querying database. Total tickets found: 0
2026-07-15 17:14:36,100 [INFO] Initializing Ticket API application...
2026-07-15 17:22:38,284 [INFO] Incoming ticket request received for customer: 'John' (berling@gmail.com)
2026-07-15 17:22:40,561 [INFO] Incoming ticket request received for customer: 'John' (berling@gmail.com)
2026-07-15 17:23:44,587 [INFO] Incoming ticket request received for customer: 'John' (doxaberling@gmail.com)
2026-07-15 17:32:19,560 [INFO] Incoming ticket request received for customer: 'Adi' (newyork@gmail.com)
2026-07-15 17:37:29,357 [INFO] Initializing Ticket API application...
2026-07-15 17:45:52,398 [INFO] Incoming ticket request received for customer: 'Adi' (newyork@gmail.com)
2026-07-15 17:45:58,405 [INFO] Initializing Ticket API application...
2026-07-15 18:16:27,001 [INFO] Initializing Ticket API application...
2026-07-15 18:16:27,047 [INFO] Initializing Ticket API application...
2026-07-15 18:22:09,057 [INFO] Incoming ticket request received for customer: 'Pipper' (user@example.com)
2026-07-15 18:23:00,917 [INFO] Incoming ticket request received for customer: 'Pipper' (user@example.com)
2026-07-15 18:29:14,827 [INFO] Incoming ticket request received for customer: 'Jay' (user@example.com)
2026-07-15 18:38:46,995 [INFO] Incoming ticket request received for customer: 'sailor' (sailor@gmail.com)
2026-07-15 18:38:55,371 [INFO] Incoming ticket request received for customer: 'sailor' (sailor@gmail.com)
2026-07-15 18:39:16,912 [INFO] Initializing Ticket API application...
2026-07-15 18:39:17,003 [INFO] Initializing Ticket API application...
2026-07-15 18:39:19,989 [INFO] Initializing Ticket API application...
2026-07-15 18:39:20,153 [INFO] Initializing Ticket API application...
2026-07-15 18:39:41,408 [INFO] Incoming ticket request received for customer: 'sailor' (sailor@gmail.com)
2026-07-15 18:41:52,835 [INFO] Initializing Ticket API application...
2026-07-15 18:51:08,418 [INFO] Initializing Ticket API application...
2026-07-15 18:54:02,957 [INFO] Initializing Ticket API application...
2026-07-15 18:58:12,433 [INFO] Initializing Ticket API application...
2026-07-15 18:58:18,571 [INFO] Initializing Ticket API application...
2026-07-15 19:00:41,868 [INFO] Initializing Ticket API application...
2026-07-15 19:01:27,759 [INFO] Initializing Ticket API application...
2026-07-15 19:07:52,656 [INFO] Initializing Ticket API application...
2026-07-15 19:12:33,909 [INFO] Querying database. Total tickets found: 0
2026-07-15 19:13:54,650 [INFO] Incoming ticket request received for customer: 'steve' (user@example.com)
2026-07-15 19:14:21,193 [INFO] Incoming ticket request received for customer: 'steve' (user@example.com)
2026-07-15 19:16:11,920 [INFO] Incoming ticket request received for customer: 'steve' (user@example.com)
2026-07-15 19:29:44,275 [INFO] Initializing Ticket API application...
2026-07-15 19:30:20,953 [INFO] Initializing Ticket API application...
2026-07-15 19:30:22,592 [INFO] Initializing Ticket API application...
2026-07-15 19:31:36,203 [INFO] Querying database. Total tickets found: 0
2026-07-15 19:32:12,945 [INFO] Incoming ticket request received for customer: 'steve' (user@example.com)
2026-07-15 19:33:07,900 [INFO] Querying database. Total tickets found: 1
2026-07-15 19:34:09,845 [INFO] Querying database. Total tickets found: 1
2026-07-15 19:44:09,052 [INFO] Initializing Ticket API application...
2026-07-15 19:45:20,495 [INFO] Querying database. Total tickets found: 0
2026-07-15 19:46:17,161 [INFO] Searching for ticket with ID: 'ca76a021-6420-4ae7-890e-f4566b45b6da'
2026-07-15 19:46:17,161 [WARNING] Ticket lookup failed. ID 'ca76a021-6420-4ae7-890e-f4566b45b6da' not found in database.
2026-07-15 19:46:50,275 [INFO] Incoming ticket request received for customer: 'steve' (user@example.com)
2026-07-15 19:47:05,861 [INFO] Querying database. Total tickets found: 1
2026-07-15 19:47:37,333 [INFO] Querying database. Total tickets found: 1
2026-07-15 19:47:58,946 [INFO] Searching for ticket with ID: 'd2ecc36e-d5ef-4073-b4e7-6b3000279a09'
2026-07-15 19:47:58,946 [INFO] Ticket match found for ID: 'd2ecc36e-d5ef-4073-b4e7-6b3000279a09'
2026-07-15 19:48:48,680 [INFO] Searching for ticket with ID: 'd2ecc36e-d5ef-4073-b4e7-6b3000279a02'
2026-07-15 19:48:48,681 [WARNING] Ticket lookup failed. ID 'd2ecc36e-d5ef-4073-b4e7-6b3000279a02' not found in database.
2026-07-15 19:48:58,796 [INFO] Searching for ticket with ID: 'd2ecc36e-d5ef-4073-b4e7-6b3000279a09'
2026-07-15 19:48:58,796 [INFO] Ticket match found for ID: 'd2ecc36e-d5ef-4073-b4e7-6b3000279a09'
2026-07-16 07:32:49,640 [INFO] Initializing Ticket API application...
2026-07-16 07:51:31,720 [INFO] Initializing Ticket API application...
2026-07-16 08:35:09,180 [INFO] Initializing Ticket API application...
2026-07-19 01:15:32,392 [INFO] Initializing Ticket API application...
2026-07-19 02:01:25,546 [INFO] Initializing Ticket API application...
2026-07-19 02:01:25,632 [INFO] Initializing Ticket API application...
2026-07-19 02:01:45,322 [INFO] Initializing Ticket API application...
2026-07-19 02:01:45,453 [INFO] Initializing Ticket API application...
2026-07-19 02:05:12,088 [INFO] Initializing Ticket API application...
2026-07-19 02:05:12,088 [INFO] Initializing Ticket API application...
2026-07-19 02:12:44,782 [INFO] Initializing Ticket API application...
2026-07-19 02:12:44,792 [INFO] Initializing Ticket API application...
2026-07-19 02:33:27,804 [INFO] Initializing Ticket API application...
2026-07-19 02:33:27,810 [INFO] Initializing Ticket API application...
2026-07-19 02:50:16,948 [INFO] Initializing Ticket API application...
2026-07-19 02:50:16,979 [INFO] Initializing Ticket API application...
2026-07-19 02:54:50,652 [INFO] Initializing Ticket API application...
2026-07-19 02:54:50,667 [INFO] Initializing Ticket API application...
2026-07-19 02:55:58,813 [INFO] Initializing Ticket API application...
2026-07-19 02:55:58,830 [INFO] Initializing Ticket API application...
2026-07-19 03:00:34,392 [INFO] Initializing Ticket API application...
2026-07-19 03:00:34,440 [INFO] Initializing Ticket API application...
2026-07-19 03:00:38,728 [INFO] Initializing Ticket API application...
2026-07-19 03:00:38,763 [INFO] Initializing Ticket API application...
2026-07-19 03:08:41,862 [INFO] Initializing Ticket API application...
2026-07-19 03:08:41,878 [INFO] Initializing Ticket API application...
2026-07-19 03:30:32,415 [INFO] Initializing Ticket API application...
2026-07-19 03:32:03,297 [INFO] Initializing Ticket API application...
2026-07-19 03:32:03,298 [INFO] Initializing Ticket API application...
2026-07-19 03:32:08,466 [INFO] Initializing Ticket API application...
2026-07-19 03:32:08,469 [INFO] Initializing Ticket API application...
2026-07-19 03:41:22,678 [INFO] Initializing Ticket API application...
2026-07-19 03:54:17,892 [INFO] Initializing Ticket API application...
2026-07-19 03:54:18,208 [INFO] Initializing Ticket API application...
2026-07-19 03:54:18,635 [INFO] Initializing Ticket API application...
2026-07-19 03:54:22,573 [INFO] Initializing Ticket API application...
2026-07-19 03:54:22,858 [INFO] Initializing Ticket API application...
2026-07-19 03:54:23,173 [INFO] Initializing Ticket API application...
2026-07-19 03:54:25,976 [INFO] Initializing Ticket API application...
2026-07-19 03:54:26,270 [INFO] Initializing Ticket API application...
2026-07-19 03:54:26,889 [INFO] Initializing Ticket API application...
2026-07-19 04:06:02,240 [INFO] Initializing Ticket API application...
2026-07-19 04:06:02,242 [INFO] Initializing Ticket API application...
2026-07-19 04:06:11,848 [INFO] Initializing Ticket API application...
2026-07-19 04:06:11,858 [INFO] Initializing Ticket API application...
2026-07-19 04:06:11,879 [INFO] Initializing Ticket API application...
2026-07-19 04:19:40,141 [INFO] Initializing Ticket API application...
2026-07-19 04:19:40,424 [INFO] Initializing Ticket API application...
2026-07-19 04:19:41,111 [INFO] Initializing Ticket API application...
2026-07-20 17:32:08,324 [INFO] Initializing Ticket API application...
2026-07-20 17:32:08,324 [INFO] Initializing Ticket API application...
2026-07-20 17:32:08,324 [INFO] Initializing Ticket API application...
2026-07-20 17:35:59,326 [INFO] Initializing Ticket API application...
2026-07-20 17:43:10,865 [INFO] Initializing Ticket API application...
2026-07-20 17:44:32,257 [INFO] Initializing Ticket API application...
2026-07-20 17:55:27,501 [INFO] Initializing Ticket API application...
2026-07-20 17:58:11,020 [INFO] Initializing Ticket API application...
2026-07-20 17:59:36,743 [INFO] Initializing Ticket API application...
2026-07-20 18:06:47,652 [INFO] Initializing Ticket API application...
2026-07-20 18:07:29,854 [INFO] Initializing Ticket API application...
2026-07-20 18:10:42,063 [INFO] Initializing Ticket API application...
2026-07-20 18:12:40,557 [INFO] Initializing Ticket API application...
2026-07-20 18:24:53,187 [INFO] Initializing Ticket API application...
2026-07-20 18:24:53,442 [INFO] Initializing Ticket API application...
2026-07-20 18:31:03,149 [INFO] Initializing Ticket API application...
2026-07-20 18:36:46,400 [INFO] Initializing Ticket API application...
2026-07-20 18:36:47,014 [INFO] Initializing Ticket API application...
2026-07-20 18:36:48,433 [INFO] Initializing Ticket API application...
2026-07-20 18:40:29,066 [INFO] Initializing Ticket API application...
2026-07-20 18:46:43,798 [INFO] Initializing Ticket API application...
2026-07-20 18:55:56,013 [INFO] Initializing Ticket API application...
2026-07-20 18:55:56,031 [INFO] Initializing Ticket API application...
2026-07-20 18:55:56,105 [INFO] Initializing Ticket API application...
2026-07-20 18:56:05,693 [INFO] Initializing Ticket API application...
2026-07-20 18:56:05,713 [INFO] Initializing Ticket API application...
2026-07-20 18:56:06,315 [INFO] Initializing Ticket API application...
2026-07-20 18:56:08,461 [INFO] Initializing Ticket API application...
2026-07-20 18:56:08,531 [INFO] Initializing Ticket API application...
2026-07-20 19:04:12,236 [INFO] Initializing Ticket API application...
2026-07-20 19:04:12,693 [INFO] Initializing Ticket API application...
2026-07-20 19:04:12,721 [INFO] Initializing Ticket API application...
2026-07-20 19:19:57,042 [INFO] Initializing Ticket API application...
2026-07-20 19:23:02,169 [INFO] Initializing Ticket API application...
2026-07-20 19:23:02,621 [INFO] Initializing Ticket API application...
2026-07-20 19:23:02,942 [INFO] Initializing Ticket API application...
2026-07-20 19:25:54,266 [INFO] Initializing Ticket API application...
2026-07-20 19:25:54,540 [INFO] Initializing Ticket API application...
2026-07-20 19:40:51,510 [INFO] Initializing Ticket API application...
2026-07-20 19:40:51,790 [INFO] Initializing Ticket API application...
2026-07-20 19:43:55,136 [INFO] Initializing Ticket API application...
2026-07-20 19:44:14,532 [INFO] Initializing Ticket API application...
2026-07-20 19:44:15,085 [INFO] Initializing Ticket API application...
2026-07-20 19:44:15,095 [INFO] Initializing Ticket API application...
2026-07-20 19:47:52,364 [INFO] Initializing Ticket API application...
2026-07-20 19:54:24,581 [INFO] Initializing Ticket API application...
2026-07-20 19:58:12,686 [INFO] Initializing Ticket API application...
2026-07-20 19:58:12,816 [INFO] Initializing Ticket API application...
2026-07-20 19:58:13,636 [INFO] Initializing Ticket API application...
2026-07-20 19:58:13,755 [INFO] Initializing Ticket API application...
2026-07-20 19:58:18,821 [INFO] Initializing Ticket API application...
2026-07-20 19:58:19,286 [INFO] Initializing Ticket API application...
2026-07-20 19:58:19,356 [INFO] Initializing Ticket API application...
2026-07-20 19:58:19,490 [INFO] Initializing Ticket API application...
2026-07-20 19:58:22,588 [INFO] Initializing Ticket API application...
2026-07-20 19:58:22,945 [INFO] Initializing Ticket API application...
2026-07-20 19:58:22,946 [INFO] Initializing Ticket API application...
2026-07-20 19:58:23,373 [INFO] Initializing Ticket API application...
2026-07-20 19:59:24,843 [INFO] Initializing Ticket API application...
2026-07-20 20:24:42,474 [INFO] Initializing Ticket API application...
2026-07-20 20:29:15,639 [INFO] Incoming ticket request received for customer: 'Habibi' (user@example.com)
2026-07-20 20:29:15,639 [INFO] Successfully generated unique Ticket ID: 03bde5cd-f131-4615-9086-089c8bfbda8a
2026-07-20 20:29:15,639 [INFO] Ticket 03bde5cd-f131-4615-9086-089c8bfbda8a successfully saved to memory database.
2026-07-20 20:40:13,726 [INFO] Initializing Ticket API application...
2026-07-20 20:41:06,674 [INFO] Incoming ticket request received for customer: 'Sodiq' (user@example.com)
2026-07-20 20:41:06,675 [INFO] Successfully generated unique Ticket ID: 99e03b4f-4656-4b9b-af05-0be833c61417
2026-07-20 20:41:06,675 [INFO] Ticket 99e03b4f-4656-4b9b-af05-0be833c61417 successfully saved to memory database.
2026-07-20 20:41:08,310 [INFO] Incoming ticket request received for customer: 'Sodiq' (user@example.com)
2026-07-20 20:41:08,310 [INFO] Successfully generated unique Ticket ID: 6c9f89ba-0702-4be0-86cd-2f529695a9d9
2026-07-20 20:41:08,311 [INFO] Ticket 6c9f89ba-0702-4be0-86cd-2f529695a9d9 successfully saved to memory database.
2026-07-20 20:41:12,305 [INFO] Incoming ticket request received for customer: 'Sodiq' (user@example.com)
2026-07-20 20:41:12,306 [INFO] Successfully generated unique Ticket ID: 01856332-0f98-451b-beba-5c597676f7d2
2026-07-20 20:41:12,307 [INFO] Ticket 01856332-0f98-451b-beba-5c597676f7d2 successfully saved to memory database.
2026-07-21 15:43:35,643 [INFO] Initializing Ticket API application...
2026-07-21 15:45:15,669 [INFO] Incoming ticket request received for customer: 'Dan' (user@example.com)
2026-07-21 15:45:15,669 [INFO] Successfully generated unique Ticket ID: 2d189860-916f-4580-8dff-c952efffd13f
2026-07-21 15:45:15,670 [INFO] Ticket 2d189860-916f-4580-8dff-c952efffd13f successfully saved to memory database.
2026-07-21 15:58:23,243 [INFO] Initializing Ticket API application...
2026-07-21 15:58:27,427 [INFO] Initializing Ticket API application...
2026-07-21 16:00:23,879 [INFO] Incoming ticket request received for customer: 'Danny' (user@example.com)
2026-07-21 16:00:23,881 [INFO] Successfully generated unique Ticket ID: 8786988f-f126-49ed-b943-cbf76f78ee2b
2026-07-21 16:00:23,881 [INFO] Ticket 8786988f-f126-49ed-b943-cbf76f78ee2b successfully saved to memory database.
2026-07-21 16:02:52,143 [INFO] Initializing Ticket API application...
2026-07-21 16:04:30,374 [INFO] Incoming ticket request received for customer: 'Danny' (user@example.com)
2026-07-21 16:04:30,374 [INFO] Successfully generated unique Ticket ID: 66a5dd04-2498-4dbe-b2be-c325ffde63d4
2026-07-21 16:04:30,374 [INFO] Ticket 66a5dd04-2498-4dbe-b2be-c325ffde63d4 successfully saved to memory database.
2026-07-21 16:11:14,995 [INFO] Initializing Ticket API application...
2026-07-21 16:11:36,308 [INFO] Incoming ticket request received for customer: 'Danny' (user@example.com)
2026-07-21 16:11:36,308 [INFO] Successfully generated unique Ticket ID: ef8fa048-00a1-4845-9742-d70aa1024f4a
2026-07-21 16:11:36,308 [INFO] Ticket ef8fa048-00a1-4845-9742-d70aa1024f4a successfully saved to memory database.
2026-07-21 16:19:13,350 [INFO] Initializing Ticket API application...
2026-07-21 16:19:48,175 [INFO] Incoming ticket request received for customer: 'Danny' (user@example.com)
2026-07-21 16:19:48,175 [INFO] Successfully generated unique Ticket ID: e62ddb6a-e57c-4685-9b08-b89faacbc8fd
2026-07-21 16:19:48,175 [INFO] Ticket e62ddb6a-e57c-4685-9b08-b89faacbc8fd successfully saved to memory database.
2026-07-21 16:24:32,723 [INFO] Incoming ticket request received for customer: 'Stone' (user@example.com)
2026-07-21 16:24:32,723 [INFO] Successfully generated unique Ticket ID: 08fff19f-c4b8-4d57-bda6-318040a9d038
2026-07-21 16:24:32,723 [INFO] Ticket 08fff19f-c4b8-4d57-bda6-318040a9d038 successfully saved to memory database.
2026-07-21 16:27:34,799 [INFO] Initializing Ticket API application...
2026-07-21 16:27:45,772 [INFO] Incoming ticket request received for customer: 'Stone' (user@example.com)
2026-07-21 16:27:45,774 [INFO] Successfully generated unique Ticket ID: f188ebb8-e414-4670-9422-bdcbad4a1282
2026-07-21 16:27:45,775 [INFO] Ticket f188ebb8-e414-4670-9422-bdcbad4a1282 successfully saved to memory database.
2026-07-21 16:27:47,213 [INFO] Incoming ticket request received for customer: 'Stone' (user@example.com)
2026-07-21 16:27:47,213 [INFO] Successfully generated unique Ticket ID: 75d1a60a-fb42-44ee-bd76-956c91112c07
2026-07-21 16:27:47,213 [INFO] Ticket 75d1a60a-fb42-44ee-bd76-956c91112c07 successfully saved to memory database.
2026-07-21 17:30:30,660 [INFO] Initializing Ticket API application...
2026-07-21 17:31:44,307 [INFO] Incoming ticket request for customer: 'Alex Mercer'
2026-07-21 17:36:34,265 [INFO] Incoming ticket request for customer: 'Alex Mexer'
2026-07-21 17:47:27,919 [INFO] Initializing Ticket API application...
2026-07-21 17:48:44,526 [INFO] Initializing Ticket API application...
2026-07-21 17:49:40,751 [INFO] Initializing Ticket API application...
2026-07-21 17:59:12,576 [INFO] Initializing Ticket API application...
2026-07-21 18:01:22,405 [INFO] Incoming ticket request for customer: 'Alex Mexer'
2026-07-21 18:01:22,427 [INFO] Ticket successfully persisted to database with ID: 1
2026-07-21 18:01:23,584 [INFO] HTTP Request: POST https://webhook.site/e1b7bb92-bf8d-42b1-86f4-6c338de6c08d "HTTP/1.1 200 OK"
2026-07-21 18:01:23,584 [INFO] Webhook dispatched successfully! Received HTTP 200
2026-07-21 18:17:24,532 [INFO] Processing ticket creation request for: Neymar
2026-07-21 18:17:25,436 [INFO] Webhook delivery attempt 1/3...
2026-07-21 18:17:25,885 [INFO] HTTP Request: POST https://webhook.site/e1b7bb92-bf8d-42b1-86f4-6c338de6c08d "HTTP/1.1 200 OK"
2026-07-21 18:17:25,888 [INFO] Webhook delivered successfully on attempt 1! Status: 200
